<?xml version="1.0" encoding="UTF-8"?>
<testsuite xmlns:xsi="http://www.w3.org/2001/XMLSchema-instance" xsi:noNamespaceSchemaLocation="https://maven.apache.org/surefire/maven-surefire-plugin/xsd/surefire-test-report.xsd" name="com.zhuo.transaction.test.Test" time="0.004" tests="0" errors="0" skipped="0" failures="0">
  <properties>
    <property name="sun.desktop" value="windows"/>
    <property name="awt.toolkit" value="sun.awt.windows.WToolkit"/>
    <property name="file.encoding.pkg" value="sun.io"/>
    <property name="java.specification.version" value="1.8"/>
    <property name="sun.cpu.isalist" value="amd64"/>
    <property name="sun.jnu.encoding" value="GBK"/>
    <property name="java.class.path" value="E:\Idea-Workspace\study\dsc-transaction\transaction-core\target\test-classes;E:\Idea-Workspace\study\dsc-transaction\transaction-core\target\classes;E:\Idea-Workspace\study\dsc-transaction\transaction-common\target\transaction-common-1.0-SNAPSHOT.jar;E:\maven\repository\com\fasterxml\jackson\core\jackson-core\2.11.0\jackson-core-2.11.0.jar;E:\maven\repository\com\fasterxml\jackson\core\jackson-annotations\2.11.0\jackson-annotations-2.11.0.jar;E:\maven\repository\com\fasterxml\jackson\core\jackson-databind\2.11.0\jackson-databind-2.11.0.jar;E:\maven\repository\org\apache\commons\commons-lang3\3.9\commons-lang3-3.9.jar;E:\Idea-Workspace\study\dsc-transaction\transaction-api\target\transaction-api-1.0-SNAPSHOT.jar;E:\maven\repository\org\springframework\boot\spring-boot-starter-web\2.1.6.RELEASE\spring-boot-starter-web-2.1.6.RELEASE.jar;E:\maven\repository\org\springframework\boot\spring-boot-starter\2.1.6.RELEASE\spring-boot-starter-2.1.6.RELEASE.jar;E:\maven\repository\org\springframework\boot\spring-boot\2.1.6.RELEASE\spring-boot-2.1.6.RELEASE.jar;E:\maven\repository\org\springframework\boot\spring-boot-autoconfigure\2.1.6.RELEASE\spring-boot-autoconfigure-2.1.6.RELEASE.jar;E:\maven\repository\org\springframework\boot\spring-boot-starter-logging\2.1.6.RELEASE\spring-boot-starter-logging-2.1.6.RELEASE.jar;E:\maven\repository\ch\qos\logback\logback-classic\1.2.3\logback-classic-1.2.3.jar;E:\maven\repository\ch\qos\logback\logback-core\1.2.3\logback-core-1.2.3.jar;E:\maven\repository\org\apache\logging\log4j\log4j-to-slf4j\2.11.2\log4j-to-slf4j-2.11.2.jar;E:\maven\repository\org\apache\logging\log4j\log4j-api\2.11.2\log4j-api-2.11.2.jar;E:\maven\repository\org\slf4j\jul-to-slf4j\1.7.9\jul-to-slf4j-1.7.9.jar;E:\maven\repository\javax\annotation\javax.annotation-api\1.3.2\javax.annotation-api-1.3.2.jar;E:\maven\repository\org\springframework\spring-core\5.1.8.RELEASE\spring-core-5.1.8.RELEASE.jar;E:\maven\repository\org\springframework\spring-jcl\5.1.8.RELEASE\spring-jcl-5.1.8.RELEASE.jar;E:\maven\repository\org\yaml\snakeyaml\1.23\snakeyaml-1.23.jar;E:\maven\repository\org\springframework\boot\spring-boot-starter-tomcat\2.1.6.RELEASE\spring-boot-starter-tomcat-2.1.6.RELEASE.jar;E:\maven\repository\org\apache\tomcat\embed\tomcat-embed-core\9.0.21\tomcat-embed-core-9.0.21.jar;E:\maven\repository\org\apache\tomcat\embed\tomcat-embed-el\9.0.21\tomcat-embed-el-9.0.21.jar;E:\maven\repository\org\apache\tomcat\embed\tomcat-embed-websocket\9.0.21\tomcat-embed-websocket-9.0.21.jar;E:\maven\repository\org\hibernate\validator\hibernate-validator\6.0.17.Final\hibernate-validator-6.0.17.Final.jar;E:\maven\repository\javax\validation\validation-api\2.0.1.Final\validation-api-2.0.1.Final.jar;E:\maven\repository\org\jboss\logging\jboss-logging\3.3.2.Final\jboss-logging-3.3.2.Final.jar;E:\maven\repository\com\fasterxml\classmate\1.4.0\classmate-1.4.0.jar;E:\maven\repository\org\springframework\spring-web\5.1.8.RELEASE\spring-web-5.1.8.RELEASE.jar;E:\maven\repository\org\springframework\spring-beans\5.1.8.RELEASE\spring-beans-5.1.8.RELEASE.jar;E:\maven\repository\org\springframework\spring-webmvc\5.1.8.RELEASE\spring-webmvc-5.1.8.RELEASE.jar;E:\maven\repository\org\springframework\spring-aop\5.1.8.RELEASE\spring-aop-5.1.8.RELEASE.jar;E:\maven\repository\org\springframework\spring-context\5.1.8.RELEASE\spring-context-5.1.8.RELEASE.jar;E:\maven\repository\org\springframework\spring-expression\5.1.8.RELEASE\spring-expression-5.1.8.RELEASE.jar;E:\maven\repository\org\aspectj\aspectjweaver\1.9.2\aspectjweaver-1.9.2.jar;E:\maven\repository\org\apache\rocketmq\rocketmq-client\4.6.0\rocketmq-client-4.6.0.jar;E:\maven\repository\org\apache\rocketmq\rocketmq-common\4.6.0\rocketmq-common-4.6.0.jar;E:\maven\repository\org\apache\rocketmq\rocketmq-remoting\4.6.0\rocketmq-remoting-4.6.0.jar;E:\maven\repository\com\alibaba\fastjson\1.2.61\fastjson-1.2.61.jar;E:\maven\repository\io\netty\netty-all\4.1.36.Final\netty-all-4.1.36.Final.jar;E:\maven\repository\org\apache\rocketmq\rocketmq-logging\4.6.0\rocketmq-logging-4.6.0.jar;E:\maven\repository\io\netty\netty-tcnative-boringssl-static\2.0.25.Final\netty-tcnative-boringssl-static-2.0.25.Final.jar;E:\maven\repository\commons-validator\commons-validator\1.6\commons-validator-1.6.jar;E:\maven\repository\commons-beanutils\commons-beanutils\1.9.2\commons-beanutils-1.9.2.jar;E:\maven\repository\commons-digester\commons-digester\1.8.1\commons-digester-1.8.1.jar;E:\maven\repository\commons-logging\commons-logging\1.2\commons-logging-1.2.jar;E:\maven\repository\commons-collections\commons-collections\3.2.2\commons-collections-3.2.2.jar;E:\maven\repository\org\apache\zookeeper\zookeeper\3.4.10\zookeeper-3.4.10.jar;E:\maven\repository\org\slf4j\slf4j-api\1.7.9\slf4j-api-1.7.9.jar;E:\maven\repository\log4j\log4j\1.2.17\log4j-1.2.17.jar;E:\maven\repository\jline\jline\0.9.94\jline-0.9.94.jar;E:\maven\repository\io\netty\netty\3.10.5.Final\netty-3.10.5.Final.jar;"/>
    <property name="java.vm.vendor" value="Oracle Corporation"/>
    <property name="sun.arch.data.model" value="64"/>
    <property name="user.variant" value=""/>
    <property name="java.vendor.url" value="http://java.oracle.com/"/>
    <property name="user.timezone" value="Asia/Shanghai"/>
    <property name="java.vm.specification.version" value="1.8"/>
    <property name="os.name" value="Windows 10"/>
    <property name="user.country" value="CN"/>
    <property name="sun.java.launcher" value="SUN_STANDARD"/>
    <property name="sun.boot.library.path" value="E:\jdk\jdk1.8.0_91\jre\bin"/>
    <property name="sun.java.command" value="C:\Users\86188\AppData\Local\Temp\surefire1608430701218836240\surefirebooter2317506247229049645.jar C:\Users\86188\AppData\Local\Temp\surefire1608430701218836240 2020-08-26T16-55-14_585-jvmRun1 surefire5451535918988173246tmp surefire_04643883101473601845tmp"/>
    <property name="surefire.test.class.path" value="E:\Idea-Workspace\study\dsc-transaction\transaction-core\target\test-classes;E:\Idea-Workspace\study\dsc-transaction\transaction-core\target\classes;E:\Idea-Workspace\study\dsc-transaction\transaction-common\target\transaction-common-1.0-SNAPSHOT.jar;E:\maven\repository\com\fasterxml\jackson\core\jackson-core\2.11.0\jackson-core-2.11.0.jar;E:\maven\repository\com\fasterxml\jackson\core\jackson-annotations\2.11.0\jackson-annotations-2.11.0.jar;E:\maven\repository\com\fasterxml\jackson\core\jackson-databind\2.11.0\jackson-databind-2.11.0.jar;E:\maven\repository\org\apache\commons\commons-lang3\3.9\commons-lang3-3.9.jar;E:\Idea-Workspace\study\dsc-transaction\transaction-api\target\transaction-api-1.0-SNAPSHOT.jar;E:\maven\repository\org\springframework\boot\spring-boot-starter-web\2.1.6.RELEASE\spring-boot-starter-web-2.1.6.RELEASE.jar;E:\maven\repository\org\springframework\boot\spring-boot-starter\2.1.6.RELEASE\spring-boot-starter-2.1.6.RELEASE.jar;E:\maven\repository\org\springframework\boot\spring-boot\2.1.6.RELEASE\spring-boot-2.1.6.RELEASE.jar;E:\maven\repository\org\springframework\boot\spring-boot-autoconfigure\2.1.6.RELEASE\spring-boot-autoconfigure-2.1.6.RELEASE.jar;E:\maven\repository\org\springframework\boot\spring-boot-starter-logging\2.1.6.RELEASE\spring-boot-starter-logging-2.1.6.RELEASE.jar;E:\maven\repository\ch\qos\logback\logback-classic\1.2.3\logback-classic-1.2.3.jar;E:\maven\repository\ch\qos\logback\logback-core\1.2.3\logback-core-1.2.3.jar;E:\maven\repository\org\apache\logging\log4j\log4j-to-slf4j\2.11.2\log4j-to-slf4j-2.11.2.jar;E:\maven\repository\org\apache\logging\log4j\log4j-api\2.11.2\log4j-api-2.11.2.jar;E:\maven\repository\org\slf4j\jul-to-slf4j\1.7.9\jul-to-slf4j-1.7.9.jar;E:\maven\repository\javax\annotation\javax.annotation-api\1.3.2\javax.annotation-api-1.3.2.jar;E:\maven\repository\org\springframework\spring-core\5.1.8.RELEASE\spring-core-5.1.8.RELEASE.jar;E:\maven\repository\org\springframework\spring-jcl\5.1.8.RELEASE\spring-jcl-5.1.8.RELEASE.jar;E:\maven\repository\org\yaml\snakeyaml\1.23\snakeyaml-1.23.jar;E:\maven\repository\org\springframework\boot\spring-boot-starter-tomcat\2.1.6.RELEASE\spring-boot-starter-tomcat-2.1.6.RELEASE.jar;E:\maven\repository\org\apache\tomcat\embed\tomcat-embed-core\9.0.21\tomcat-embed-core-9.0.21.jar;E:\maven\repository\org\apache\tomcat\embed\tomcat-embed-el\9.0.21\tomcat-embed-el-9.0.21.jar;E:\maven\repository\org\apache\tomcat\embed\tomcat-embed-websocket\9.0.21\tomcat-embed-websocket-9.0.21.jar;E:\maven\repository\org\hibernate\validator\hibernate-validator\6.0.17.Final\hibernate-validator-6.0.17.Final.jar;E:\maven\repository\javax\validation\validation-api\2.0.1.Final\validation-api-2.0.1.Final.jar;E:\maven\repository\org\jboss\logging\jboss-logging\3.3.2.Final\jboss-logging-3.3.2.Final.jar;E:\maven\repository\com\fasterxml\classmate\1.4.0\classmate-1.4.0.jar;E:\maven\repository\org\springframework\spring-web\5.1.8.RELEASE\spring-web-5.1.8.RELEASE.jar;E:\maven\repository\org\springframework\spring-beans\5.1.8.RELEASE\spring-beans-5.1.8.RELEASE.jar;E:\maven\repository\org\springframework\spring-webmvc\5.1.8.RELEASE\spring-webmvc-5.1.8.RELEASE.jar;E:\maven\repository\org\springframework\spring-aop\5.1.8.RELEASE\spring-aop-5.1.8.RELEASE.jar;E:\maven\repository\org\springframework\spring-context\5.1.8.RELEASE\spring-context-5.1.8.RELEASE.jar;E:\maven\repository\org\springframework\spring-expression\5.1.8.RELEASE\spring-expression-5.1.8.RELEASE.jar;E:\maven\repository\org\aspectj\aspectjweaver\1.9.2\aspectjweaver-1.9.2.jar;E:\maven\repository\org\apache\rocketmq\rocketmq-client\4.6.0\rocketmq-client-4.6.0.jar;E:\maven\repository\org\apache\rocketmq\rocketmq-common\4.6.0\rocketmq-common-4.6.0.jar;E:\maven\repository\org\apache\rocketmq\rocketmq-remoting\4.6.0\rocketmq-remoting-4.6.0.jar;E:\maven\repository\com\alibaba\fastjson\1.2.61\fastjson-1.2.61.jar;E:\maven\repository\io\netty\netty-all\4.1.36.Final\netty-all-4.1.36.Final.jar;E:\maven\repository\org\apache\rocketmq\rocketmq-logging\4.6.0\rocketmq-logging-4.6.0.jar;E:\maven\repository\io\netty\netty-tcnative-boringssl-static\2.0.25.Final\netty-tcnative-boringssl-static-2.0.25.Final.jar;E:\maven\repository\commons-validator\commons-validator\1.6\commons-validator-1.6.jar;E:\maven\repository\commons-beanutils\commons-beanutils\1.9.2\commons-beanutils-1.9.2.jar;E:\maven\repository\commons-digester\commons-digester\1.8.1\commons-digester-1.8.1.jar;E:\maven\repository\commons-logging\commons-logging\1.2\commons-logging-1.2.jar;E:\maven\repository\commons-collections\commons-collections\3.2.2\commons-collections-3.2.2.jar;E:\maven\repository\org\apache\zookeeper\zookeeper\3.4.10\zookeeper-3.4.10.jar;E:\maven\repository\org\slf4j\slf4j-api\1.7.9\slf4j-api-1.7.9.jar;E:\maven\repository\log4j\log4j\1.2.17\log4j-1.2.17.jar;E:\maven\repository\jline\jline\0.9.94\jline-0.9.94.jar;E:\maven\repository\io\netty\netty\3.10.5.Final\netty-3.10.5.Final.jar;"/>
    <property name="sun.cpu.endian" value="little"/>
    <property name="user.home" value="C:\Users\86188"/>
    <property name="user.language" value="zh"/>
    <property name="java.specification.vendor" value="Oracle Corporation"/>
    <property name="java.home" value="E:\jdk\jdk1.8.0_91\jre"/>
    <property name="basedir" value="E:\Idea-Workspace\study\dsc-transaction\transaction-core"/>
    <property name="file.separator" value="\"/>
    <property name="line.separator" value="&#10;"/>
    <property name="java.vm.specification.vendor" value="Oracle Corporation"/>
    <property name="java.specification.name" value="Java Platform API Specification"/>
    <property name="java.awt.graphicsenv" value="sun.awt.Win32GraphicsEnvironment"/>
    <property name="surefire.real.class.path" value="C:\Users\86188\AppData\Local\Temp\surefire1608430701218836240\surefirebooter2317506247229049645.jar"/>
    <property name="sun.boot.class.path" value="E:\jdk\jdk1.8.0_91\jre\lib\resources.jar;E:\jdk\jdk1.8.0_91\jre\lib\rt.jar;E:\jdk\jdk1.8.0_91\jre\lib\sunrsasign.jar;E:\jdk\jdk1.8.0_91\jre\lib\jsse.jar;E:\jdk\jdk1.8.0_91\jre\lib\jce.jar;E:\jdk\jdk1.8.0_91\jre\lib\charsets.jar;E:\jdk\jdk1.8.0_91\jre\lib\jfr.jar;E:\jdk\jdk1.8.0_91\jre\classes"/>
    <property name="user.script" value=""/>
    <property name="sun.management.compiler" value="HotSpot 64-Bit Tiered Compilers"/>
    <property name="java.runtime.version" value="1.8.0_91-b15"/>
    <property name="user.name" value="86188"/>
    <property name="path.separator" value=";"/>
    <property name="os.version" value="10.0"/>
    <property name="java.endorsed.dirs" value="E:\jdk\jdk1.8.0_91\jre\lib\endorsed"/>
    <property name="java.runtime.name" value="Java(TM) SE Runtime Environment"/>
    <property name="file.encoding" value="GBK"/>
    <property name="java.vm.name" value="Java HotSpot(TM) 64-Bit Server VM"/>
    <property name="localRepository" value="E:\maven\repository"/>
    <property name="java.vendor.url.bug" value="http://bugreport.sun.com/bugreport/"/>
    <property name="java.io.tmpdir" value="C:\Users\86188\AppData\Local\Temp\"/>
    <property name="java.version" value="1.8.0_91"/>
    <property name="user.dir" value="E:\Idea-Workspace\study\dsc-transaction\transaction-core"/>
    <property name="os.arch" value="amd64"/>
    <property name="java.vm.specification.name" value="Java Virtual Machine Specification"/>
    <property name="java.awt.printerjob" value="sun.awt.windows.WPrinterJob"/>
    <property name="sun.os.patch.level" value=""/>
    <property name="java.library.path" value="E:\jdk\jdk1.8.0_91\jre\bin;C:\Windows\Sun\Java\bin;C:\Windows\system32;C:\Windows;E:\python\Anaconda3-py3.7;E:\python\Anaconda3-py3.7\Library\mingw-w64\bin;E:\python\Anaconda3-py3.7\Library\usr\bin;E:\python\Anaconda3-py3.7\Library\bin;E:\python\Anaconda3-py3.7\Scripts;E:\oracle\86188\product\11.2.0\dbhome_1\bin;C:\Program Files (x86)\Intel\Intel(R) Management Engine Components\iCLS\;C:\Program Files\Intel\Intel(R) Management Engine Components\iCLS\;C:\Windows\system32;C:\Windows;C:\Windows\System32\Wbem;C:\Windows\System32\WindowsPowerShell\v1.0\;C:\Windows\System32\OpenSSH\;C:\Program Files (x86)\NVIDIA Corporation\PhysX\Common;C:\Program Files (x86)\Intel\Intel(R) Management Engine Components\DAL;C:\Program Files\Intel\Intel(R) Management Engine Components\DAL;C:\Program Files (x86)\Intel\Intel(R) Management Engine Components\IPT;C:\Program Files\Intel\Intel(R) Management Engine Components\IPT;C:\Program Files\Intel\WiFi\bin\;C:\Program Files\Common Files\Intel\WirelessCommon\;E:\mysql\mysql-5.7.13-winx64\bin;E:\maven\apache-maven-3.6.0\bin;E:\oracle\86188\product\instantclient_11_2;E:\Git-2.21.0\Git\bin;$HADOOP_HOME\bin;E:\wso2ei\micro-integrator\\bin;E:\wso2ei\streaming-integrator\\bin;E:\gradle\gradle-4.9\bin;E:\jdk\jdk-11.0.7\bin;E:\groovy\groovy-3.0.3\bin;E:\apache-ant\apache-ant-1.10.8-bin\apache-ant-1.10.8\bin;E:\python\python3.7\Scripts\;E:\python\python3.7\;C:\Users\86188\AppData\Local\Microsoft\WindowsApps;C:\software\pycharm\PyCharm 2019.2.1\bin;."/>
    <property name="java.vm.info" value="mixed mode"/>
    <property name="java.vendor" value="Oracle Corporation"/>
    <property name="java.vm.version" value="25.91-b15"/>
    <property name="java.ext.dirs" value="E:\jdk\jdk1.8.0_91\jre\lib\ext;C:\Windows\Sun\Java\lib\ext"/>
    <property name="sun.io.unicode.encoding" value="UnicodeLittle"/>
    <property name="java.class.version" value="52.0"/>
  </properties>
</testsuite>